
2025/02/13 (14:59:17) | ===> btop++ v.1.4.0
2025/02/13 (14:59:17) | ERROR: Couldn't determine terminal size of "STDOUT_FILENO"!
2025/02/13 (14:59:17) | ERROR: Couldn't determine terminal size of "/dev/tty"!

2025/02/13 (15:00:39) | ===> btop++ v.1.4.0
2025/02/13 (15:00:39) | WARNING: Failed to join _runner thread on exit!

2025/02/13 (15:38:36) | ===> btop++ v.1.4.0
2025/02/13 (15:38:36) | ERROR: Couldn't determine terminal size of "STDOUT_FILENO"!
2025/02/13 (15:38:36) | ERROR: Couldn't determine terminal size of "/dev/tty"!

2025/02/14 (13:25:55) | ===> btop++ v.1.4.0
2025/02/14 (13:25:55) | ERROR: Couldn't determine terminal size of "STDOUT_FILENO"!
2025/02/14 (13:25:55) | ERROR: Couldn't determine terminal size of "/dev/tty"!

2025/02/14 (13:29:37) | ===> btop++ v.1.4.0
2025/02/14 (13:29:37) | WARNING: Failed to join _runner thread on exit!

2025/02/14 (13:30:21) | ===> btop++ v.1.4.0
2025/02/14 (13:30:21) | WARNING: Failed to join _runner thread on exit!

2025/02/14 (13:31:14) | ===> btop++ v.1.4.0
2025/02/14 (13:31:14) | WARNING: Failed to join _runner thread on exit!

2025/02/14 (13:32:51) | ===> btop++ v.1.4.0
2025/02/14 (13:32:51) | WARNING: Failed to join _runner thread on exit!

2025/02/14 (13:32:54) | ===> btop++ v.1.4.0
2025/02/14 (13:32:54) | WARNING: Failed to join _runner thread on exit!

2025/02/14 (13:35:06) | ===> btop++ v.1.4.0
2025/02/14 (13:35:06) | WARNING: Failed to join _runner thread on exit!

2025/02/14 (13:37:36) | ===> btop++ v.1.4.0
2025/02/14 (13:37:36) | WARNING: Failed to join _runner thread on exit!

2025/02/14 (13:38:07) | ===> btop++ v.1.4.0
2025/02/14 (13:38:07) | WARNING: Failed to join _runner thread on exit!

2025/02/14 (13:38:20) | ===> btop++ v.1.4.0
2025/02/14 (13:38:20) | WARNING: Failed to join _runner thread on exit!

2025/02/14 (13:39:16) | ===> btop++ v.1.4.0
2025/02/14 (13:39:16) | WARNING: Failed to join _runner thread on exit!

2025/02/14 (13:40:13) | ===> btop++ v.1.4.0
2025/02/14 (13:40:13) | WARNING: Failed to join _runner thread on exit!

2025/02/14 (13:40:31) | ===> btop++ v.1.4.0
2025/02/14 (13:40:31) | WARNING: Failed to join _runner thread on exit!

2025/02/14 (14:02:36) | ===> btop++ v.1.4.0
2025/02/14 (14:02:36) | WARNING: Failed to join _runner thread on exit!

2025/02/14 (14:03:22) | ===> btop++ v.1.4.0
2025/02/14 (14:03:22) | WARNING: Failed to join _runner thread on exit!

2025/02/14 (14:42:28) | ===> btop++ v.1.4.0
2025/02/14 (14:42:28) | ERROR: Couldn't determine terminal size of "STDOUT_FILENO"!
2025/02/14 (14:42:28) | ERROR: Couldn't determine terminal size of "/dev/tty"!

2025/03/18 (15:57:23) | ===> btop++ v.1.4.0
2025/03/18 (15:57:23) | WARNING: No good candidate for cpu sensor found, using random from all found sensors.

2025/03/18 (20:12:43) | ===> btop++ v.1.4.0
2025/03/18 (20:12:43) | WARNING: No good candidate for cpu sensor found, using random from all found sensors.

2025/03/20 (09:22:45) | ===> btop++ v.1.4.0
2025/03/20 (09:22:45) | WARNING: No good candidate for cpu sensor found, using random from all found sensors.

2025/03/20 (09:22:51) | ===> btop++ v.1.4.0
2025/03/20 (09:22:51) | WARNING: No good candidate for cpu sensor found, using random from all found sensors.

2025/03/20 (09:22:55) | ===> btop++ v.1.4.0
2025/03/20 (09:22:55) | WARNING: No good candidate for cpu sensor found, using random from all found sensors.

2025/03/20 (09:23:18) | ===> btop++ v.1.4.0
2025/03/20 (09:23:18) | WARNING: No good candidate for cpu sensor found, using random from all found sensors.

2025/03/20 (09:23:48) | ===> btop++ v.1.4.0
2025/03/20 (09:23:48) | WARNING: No good candidate for cpu sensor found, using random from all found sensors.

2025/03/20 (09:49:32) | ===> btop++ v.1.4.0
2025/03/20 (09:49:32) | WARNING: No good candidate for cpu sensor found, using random from all found sensors.

2025/03/20 (09:49:49) | ===> btop++ v.1.4.0
2025/03/20 (09:49:49) | WARNING: No good candidate for cpu sensor found, using random from all found sensors.

2025/03/20 (09:50:47) | ===> btop++ v.1.4.0
2025/03/20 (09:50:47) | WARNING: No good candidate for cpu sensor found, using random from all found sensors.

2025/03/20 (09:50:53) | ===> btop++ v.1.4.0
2025/03/20 (09:50:53) | WARNING: No good candidate for cpu sensor found, using random from all found sensors.
